<?xml version="1.0" encoding="UTF-8"?>
<!-- Generated by org.testng.reporters.JUnitXMLReporter -->
<testsuite ignored="0" hostname="LTIN269428" failures="0" tests="13" name="Test" time="165.103" errors="0" timestamp="2024-02-28T20:24:53 IST">
  <testcase classname="testNG.testCase.Finding_Docs" name="checkPage" time="1.237"/>
  <testcase classname="testNG.testCase.Finding_Docs" name="enterFields" time="13.04"/>
  <testcase classname="testNG.testCase.Finding_Docs" name="applyFilters" time="26.537"/>
  <testcase classname="testNG.testCase.Finding_Docs" name="displayDocs" time="9.652"/>
  <testcase classname="testNG.testCase.GetSurgeries" name="navToSurgery" time="2.311"/>
  <testcase classname="testNG.testCase.GetSurgeries" name="scroll" time="6.106"/>
  <testcase classname="testNG.testCase.GetSurgeries" name="printSurgeries" time="4.43"/>
  <testcase classname="testNG.testCase.InvalidBooking" name="navToHWP" time="51.166"/>
  <testcase classname="testNG.testCase.InvalidBooking" name="enterFormDetails" time="21.178"/>
  <testcase classname="testNG.testCase.ValidBooking" name="userInHWP" time="0.001"/>
  <testcase classname="testNG.testCase.ValidBooking" name="validEmail" time="6.312"/>
  <testcase classname="testNG.testCase.ValidBooking" name="book" time="1.435"/>
  <testcase classname="testNG.testCase.ValidBooking" name="thankYou" time="21.458"/>
</testsuite> <!-- Test -->
